<?xml version="1.0" encoding="UTF-8"?>
<testsuite name="com.automationanywhere.botcommand.jsonhandler.InitializeTest" tests="1" skipped="0" failures="0" errors="0" timestamp="2020-05-21T15:49:16" hostname="AAUS371QLJKK" time="0.056">
  <properties/>
  <testcase name="initializeTest" classname="com.automationanywhere.botcommand.jsonhandler.InitializeTest" time="0.056"/>
  <system-out><![CDATA[com.jayway.jsonpath.internal.JsonContext@164383dd
parse failed bad
net.minidev.json.parser.ParseException: Unexpected character (-) at position 9.
]]></system-out>
  <system-err><![CDATA[SLF4J: Failed to load class "org.slf4j.impl.StaticLoggerBinder".
SLF4J: Defaulting to no-operation (NOP) logger implementation
SLF4J: See http://www.slf4j.org/codes.html#StaticLoggerBinder for further details.
]]></system-err>
</testsuite>
